0 info it worked if it ends with ok
1 verbose cli [ '/Users/nickb/.nvm/versions/node/v6.10.0/bin/node',
1 verbose cli   '/Users/nickb/.nvm/versions/node/v6.10.0/bin/npm',
1 verbose cli   'run',
1 verbose cli   'eslint' ]
2 info using npm@3.10.10
3 info using node@v6.10.0
4 verbose run-script [ 'preeslint', 'eslint', 'posteslint' ]
5 info lifecycle calendar-widget@1.0.0~preeslint: calendar-widget@1.0.0
6 silly lifecycle calendar-widget@1.0.0~preeslint: no script for preeslint, continuing
7 info lifecycle calendar-widget@1.0.0~eslint: calendar-widget@1.0.0
8 verbose lifecycle calendar-widget@1.0.0~eslint: unsafe-perm in lifecycle true
9 verbose lifecycle calendar-widget@1.0.0~eslint: PATH: /Users/nickb/.nvm/versions/node/v6.10.0/lib/node_modules/npm/bin/node-gyp-bin:/Users/nickb/Projects/workspaces/calendar-widget/node_modules/.bin:/Users/nickb/.nvm/versions/node/v6.10.0/bin:/usr/local/bin:/usr/bin:/bin:/usr/sbin:/sbin
10 verbose lifecycle calendar-widget@1.0.0~eslint: CWD: /Users/nickb/Projects/workspaces/calendar-widget
11 silly lifecycle calendar-widget@1.0.0~eslint: Args: [ '-c', 'eslint *.js tests/*.js' ]
12 silly lifecycle calendar-widget@1.0.0~eslint: Returned: code: 1  signal: null
13 info lifecycle calendar-widget@1.0.0~eslint: Failed to exec eslint script
14 verbose stack Error: calendar-widget@1.0.0 eslint: `eslint *.js tests/*.js`
14 verbose stack Exit status 1
14 verbose stack     at EventEmitter.<anonymous> (/Users/nickb/.nvm/versions/node/v6.10.0/lib/node_modules/npm/lib/utils/lifecycle.js:255:16)
14 verbose stack     at emitTwo (events.js:106:13)
14 verbose stack     at EventEmitter.emit (events.js:191:7)
14 verbose stack     at ChildProcess.<anonymous> (/Users/nickb/.nvm/versions/node/v6.10.0/lib/node_modules/npm/lib/utils/spawn.js:40:14)
14 verbose stack     at emitTwo (events.js:106:13)
14 verbose stack     at ChildProcess.emit (events.js:191:7)
14 verbose stack     at maybeClose (internal/child_process.js:877:16)
14 verbose stack     at Process.ChildProcess._handle.onexit (internal/child_process.js:226:5)
15 verbose pkgid calendar-widget@1.0.0
16 verbose cwd /Users/nickb/Projects/workspaces/calendar-widget
17 error Darwin 16.4.0
18 error argv "/Users/nickb/.nvm/versions/node/v6.10.0/bin/node" "/Users/nickb/.nvm/versions/node/v6.10.0/bin/npm" "run" "eslint"
19 error node v6.10.0
20 error npm  v3.10.10
21 error code ELIFECYCLE
22 error calendar-widget@1.0.0 eslint: `eslint *.js tests/*.js`
22 error Exit status 1
23 error Failed at the calendar-widget@1.0.0 eslint script 'eslint *.js tests/*.js'.
23 error Make sure you have the latest version of node.js and npm installed.
23 error If you do, this is most likely a problem with the calendar-widget package,
23 error not with npm itself.
23 error Tell the author that this fails on your system:
23 error     eslint *.js tests/*.js
23 error You can get information on how to open an issue for this project with:
23 error     npm bugs calendar-widget
23 error Or if that isn't available, you can get their info via:
23 error     npm owner ls calendar-widget
23 error There is likely additional logging output above.
24 verbose exit [ 1, true ]
